<?xml version="1.0" encoding="UTF-8"?>
<testsuite xmlns:xsi="http://www.w3.org/2001/XMLSchema-instance" xsi:noNamespaceSchemaLocation="https://maven.apache.org/surefire/maven-surefire-plugin/xsd/surefire-test-report-3.0.xsd" version="3.0" name="com.cybershield.protection.core.domain.OrganizationPolicyTest" time="0.003" tests="3" errors="0" skipped="0" failures="0">
  <properties>
[...]
</properties>
  <testcase name="should_apply_penalty_when_too_many_admins" classname="com.cybershield.protection.core.domain.OrganizationPolicyTest" time="0.001"/>
  <testcase name="should_calculate_perfect_score_when_all_trained_and_few_admins" classname="com.cybershield.protection.core.domain.OrganizationPolicyTest" time="0.0"/>
  <testcase name="should_detect_access_outside_working_hours" classname="com.cybershield.protection.core.domain.OrganizationPolicyTest" time="0.0"/>
</testsuite>